0 info it worked if it ends with ok
1 verbose cli [ '/usr/local/Cellar/node4-lts/4.2.6/bin/node',
1 verbose cli   '/usr/local/bin/npm',
1 verbose cli   'run',
1 verbose cli   'start' ]
2 info using npm@3.7.1
3 info using node@v4.2.6
4 verbose run-script [ 'prestart', 'start', 'poststart' ]
5 info lifecycle todo@1.0.0~prestart: todo@1.0.0
6 silly lifecycle todo@1.0.0~prestart: no script for prestart, continuing
7 info lifecycle todo@1.0.0~start: todo@1.0.0
8 verbose lifecycle todo@1.0.0~start: unsafe-perm in lifecycle true
9 verbose lifecycle todo@1.0.0~start: PATH: /usr/local/lib/node_modules/npm/bin/node-gyp-bin:/Users/joshjarmain/Development/todo/node_modules/.bin:/usr/local/Cellar/node4-lts/4.2.6/bin:/Users/joshjarmain/.dnx/runtimes/dnx-coreclr-darwin-x64.1.0.0-rc1-update2/bin:/Users/joshjarmain/.dnx/bin:/usr/local/bin:/usr/bin:/bin:/usr/sbin:/sbin:/opt/X11/bin
10 verbose lifecycle todo@1.0.0~start: CWD: /Users/joshjarmain/Development/todo
11 silly lifecycle todo@1.0.0~start: Args: [ '-c', 'webpack-dev-server' ]
12 silly lifecycle todo@1.0.0~start: Returned: code: 1  signal: null
13 info lifecycle todo@1.0.0~start: Failed to exec start script
14 verbose stack Error: todo@1.0.0 start: `webpack-dev-server`
14 verbose stack Exit status 1
14 verbose stack     at EventEmitter.<anonymous> (/usr/local/lib/node_modules/npm/lib/utils/lifecycle.js:239:16)
14 verbose stack     at emitTwo (events.js:87:13)
14 verbose stack     at EventEmitter.emit (events.js:172:7)
14 verbose stack     at ChildProcess.<anonymous> (/usr/local/lib/node_modules/npm/lib/utils/spawn.js:24:14)
14 verbose stack     at emitTwo (events.js:87:13)
14 verbose stack     at ChildProcess.emit (events.js:172:7)
14 verbose stack     at maybeClose (internal/child_process.js:821:16)
14 verbose stack     at Process.ChildProcess._handle.onexit (internal/child_process.js:211:5)
15 verbose pkgid todo@1.0.0
16 verbose cwd /Users/joshjarmain/Development/todo
17 error Darwin 15.4.0
18 error argv "/usr/local/Cellar/node4-lts/4.2.6/bin/node" "/usr/local/bin/npm" "run" "start"
19 error node v4.2.6
20 error npm  v3.7.1
21 error code ELIFECYCLE
22 error todo@1.0.0 start: `webpack-dev-server`
22 error Exit status 1
23 error Failed at the todo@1.0.0 start script 'webpack-dev-server'.
23 error Make sure you have the latest version of node.js and npm installed.
23 error If you do, this is most likely a problem with the todo package,
23 error not with npm itself.
23 error Tell the author that this fails on your system:
23 error     webpack-dev-server
23 error You can get information on how to open an issue for this project with:
23 error     npm bugs todo
23 error Or if that isn't available, you can get their info via:
23 error     npm owner ls todo
23 error There is likely additional logging output above.
24 verbose exit [ 1, true ]
